<?xml version="1.0" encoding="UTF-8"?>
<!-- Generated by org.testng.reporters.JUnitXMLReporter -->
<testsuite ignored="0" hostname="Piyushs-MacBook-Air.local" failures="0" tests="4" name="LoginValidationTests" time="26.162" errors="0" timestamp="2025-01-02T15:18:56 IST">
  <testcase classname="Piyush.Tests.LoginErrorValidationTest" name="Errors" time="0.296"/>
  <testcase classname="Piyush.Tests.LoginErrorValidationTest" name="SubmitOrderErrorValidation" time="6.19"/>
  <testcase classname="Piyush.Tests.LoginErrorValidationTest" name="SubmitOrderErrorValidation" time="6.081"/>
  <testcase classname="Piyush.Tests.LoginErrorValidationTest" name="SubmitOrderErrorValidation" time="6.112"/>
</testsuite> <!-- LoginValidationTests -->
