<?xml version="1.0" encoding="UTF-8"?>
<!-- Generated by org.testng.reporters.JUnitXMLReporter -->
<testsuite ignored="1" hostname="Piyushs-MacBook-Air.local" failures="0" tests="2" name="OrderSubmissionTests" time="18.212" errors="0" timestamp="2025-01-02T15:19:14 IST">
  <testcase classname="Piyush.Tests.SubmitOrderTest" name="SubmitOrder" time="6.187"/>
  <testcase classname="Piyush.Tests.SubmitOrderTest" name="SubmitOrder" time="6.059"/>
  <testcase classname="Piyush.Tests.SubmitOrderTest" name="OrderHistoryVerification" time="0.0">
    <ignored/>
  </testcase> <!-- OrderHistoryVerification -->
</testsuite> <!-- OrderSubmissionTests -->
