<?xml version="1.0" encoding="UTF-8"?>
<!-- Generated by org.testng.reporters.JUnitXMLReporter -->
<testsuite ignored="0" hostname="Piyushs-MacBook-Air.local" failures="1" tests="9" name="Surefire test" time="49.279" errors="0" timestamp="2025-01-03T00:47:51 IST">
  <testcase classname="Piyush.Tests.SubmitOrderTest" name="SubmitOrder" time="6.216"/>
  <testcase classname="Piyush.Tests.SubmitOrderTest" name="SubmitOrder" time="6.206"/>
  <testcase classname="Piyush.Tests.SubmitOrderTest" name="OrderHistoryVerification" time="0.422"/>
  <testcase classname="Piyush.Tests.SubmitOrderTest" name="OrderHistoryVerification" time="0.414"/>
  <testcase classname="Piyush.Tests.LoginErrorValidationTest" name="Errors" time="0.725"/>
  <testcase classname="Piyush.Tests.LoginErrorValidationTest" name="SubmitOrderErrorValidation" time="6.196"/>
  <testcase classname="Piyush.Tests.LoginErrorValidationTest" name="SubmitOrderErrorValidation" time="6.14"/>
  <testcase classname="Piyush.Tests.LoginErrorValidationTest" name="SubmitOrderErrorValidation" time="6.131"/>
  <testcase classname="io.cucumber.testng.AbstractTestNGCucumberTests" name="runScenario" time="1.949">
    <failure type="java.lang.NullPointerException" message="Cannot invoke &amp;quot;org.openqa.selenium.WebElement.findElement(org.openqa.selenium.By)&amp;quot; because the return value of &amp;quot;PiyushRaj.pageobjects.ProductCatalogue.GetProductByName(String)&amp;quot; is null">
      <![CDATA[java.lang.NullPointerException: Cannot invoke "org.openqa.selenium.WebElement.findElement(org.openqa.selenium.By)" because the return value of "PiyushRaj.pageobjects.ProductCatalogue.GetProductByName(String)" is null
at PiyushRaj.pageobjects.ProductCatalogue.AddProductToCart(ProductCatalogue.java:36)
at Piyush.StepDefinitions.StepDefinitionImplementation.addToCart(StepDefinitionImplementation.java:38)
at ✽.add <productName> to the cart(file:///Users/ahlawat/Downloads/EndToEndTesting/src/test/java/Cucumber/PurchaseOrder.feature:11)
]]>
    </failure>
  </testcase> <!-- runScenario -->
</testsuite> <!-- Surefire test -->
