<?xml version="1.0" encoding="UTF-8"?>
<testng-results ignored="0" total="9" passed="8" failed="1" skipped="0">
  <reporter-output>
  </reporter-output>
  <suite started-at="2025-01-03T00:47:01 IST" name="Surefire suite" finished-at="2025-01-03T00:47:51 IST" duration-ms="49279">
    <groups>
      <group name="cucumber">
        <method signature="AbstractTestNGCucumberTests.runScenario(io.cucumber.testng.PickleWrapper,io.cucumber.testng.FeatureWrapper)[pri:0, instance:Cucumber.TestngTestRunner@41fbdac4]" name="runScenario" class="io.cucumber.testng.AbstractTestNGCucumberTests"/>
      </group> <!-- cucumber -->
      <group name="ErrorValidation">
        <method signature="LoginErrorValidationTest.SubmitOrderErrorValidation(java.util.HashMap)[pri:0, instance:Piyush.Tests.LoginErrorValidationTest@28eaa59a]" name="SubmitOrderErrorValidation" class="Piyush.Tests.LoginErrorValidationTest"/>
      </group> <!-- ErrorValidation -->
      <group name="Submition">
        <method signature="SubmitOrderTest.SubmitOrder(java.util.HashMap)[pri:0, instance:Piyush.Tests.SubmitOrderTest@10e41621]" name="SubmitOrder" class="Piyush.Tests.SubmitOrderTest"/>
        <method signature="SubmitOrderTest.OrderHistoryVerification(java.util.HashMap)[pri:0, instance:Piyush.Tests.SubmitOrderTest@10e41621]" name="OrderHistoryVerification" class="Piyush.Tests.SubmitOrderTest"/>
      </group> <!-- Submition -->
    </groups>
    <test started-at="2025-01-03T00:47:01 IST" name="Surefire test" finished-at="2025-01-03T00:47:51 IST" duration-ms="49279">
      <class name="Cucumber.TestngTestRunner">
        <test-method is-config="true" signature="setUpClass(org.testng.ITestContext)[pri:0, instance:Cucumber.TestngTestRunner@41fbdac4]" started-at="2025-01-03T00:47:48 IST" name="setUpClass" finished-at="2025-01-03T00:47:49 IST" duration-ms="211" status="PASS">
          <params>
            <param index="0">
              <value>
                <![CDATA[org.testng.TestRunner@1182413a]]>
              </value>
            </param>
          </params>
          <reporter-output>
          </reporter-output>
        </test-method> <!-- setUpClass -->
        <test-method signature="runScenario(io.cucumber.testng.PickleWrapper,io.cucumber.testng.FeatureWrapper)[pri:0, instance:Cucumber.TestngTestRunner@41fbdac4]" started-at="2025-01-03T00:47:49 IST" name="runScenario" description="Runs Cucumber Scenarios" data-provider="scenarios" finished-at="2025-01-03T00:47:51 IST" duration-ms="1949" status="FAIL">
          <params>
            <param index="0">
              <value>
                <![CDATA["Positive scenario of submitting the order"]]>
              </value>
            </param>
            <param index="1">
              <value>
                <![CDATA["Purchase the order from the Ecommerce Website"]]>
              </value>
            </param>
          </params>
          <exception class="java.lang.NullPointerException">
            <message>
              <![CDATA[Cannot invoke "org.openqa.selenium.WebElement.findElement(org.openqa.selenium.By)" because the return value of "PiyushRaj.pageobjects.ProductCatalogue.GetProductByName(String)" is null]]>
            </message>
            <full-stacktrace>
              <![CDATA[java.lang.NullPointerException: Cannot invoke "org.openqa.selenium.WebElement.findElement(org.openqa.selenium.By)" because the return value of "PiyushRaj.pageobjects.ProductCatalogue.GetProductByName(String)" is null
at PiyushRaj.pageobjects.ProductCatalogue.AddProductToCart(ProductCatalogue.java:36)
at Piyush.StepDefinitions.StepDefinitionImplementation.addToCart(StepDefinitionImplementation.java:38)
at ✽.add <productName> to the cart(file:///Users/ahlawat/Downloads/EndToEndTesting/src/test/java/Cucumber/PurchaseOrder.feature:11)
]]>
            </full-stacktrace>
          </exception> <!-- java.lang.NullPointerException -->
          <reporter-output>
          </reporter-output>
        </test-method> <!-- runScenario -->
        <test-method is-config="true" signature="tearDownClass()[pri:0, instance:Cucumber.TestngTestRunner@41fbdac4]" started-at="2025-01-03T00:47:51 IST" name="tearDownClass" finished-at="2025-01-03T00:47:51 IST" duration-ms="12" status="PASS">
          <reporter-output>
          </reporter-output>
        </test-method> <!-- tearDownClass -->
      </class> <!-- Cucumber.TestngTestRunner -->
      <class name="Piyush.Tests.SubmitOrderTest">
        <test-method is-config="true" signature="LaunchApplication()[pri:0, instance:Piyush.Tests.SubmitOrderTest@10e41621]" started-at="2025-01-03T00:47:01 IST" name="LaunchApplication" finished-at="2025-01-03T00:47:04 IST" duration-ms="3053" status="PASS">
          <reporter-output>
          </reporter-output>
        </test-method> <!-- LaunchApplication -->
        <test-method signature="SubmitOrder(java.util.HashMap)[pri:0, instance:Piyush.Tests.SubmitOrderTest@10e41621]" started-at="2025-01-03T00:47:04 IST" name="SubmitOrder" data-provider="getData" finished-at="2025-01-03T00:47:11 IST" duration-ms="6216" status="PASS">
          <params>
            <param index="0">
              <value>
                <![CDATA[{IntialAlphabets=ind, Email=Mansi@yopmail.com, Productname=QWERTY, Password=Piyush798@}]]>
              </value>
            </param>
          </params>
          <reporter-output>
          </reporter-output>
        </test-method> <!-- SubmitOrder -->
        <test-method is-config="true" signature="TearDown()[pri:0, instance:Piyush.Tests.SubmitOrderTest@10e41621]" started-at="2025-01-03T00:47:11 IST" name="TearDown" finished-at="2025-01-03T00:47:11 IST" duration-ms="70" status="PASS">
          <reporter-output>
          </reporter-output>
        </test-method> <!-- TearDown -->
        <test-method is-config="true" signature="LaunchApplication()[pri:0, instance:Piyush.Tests.SubmitOrderTest@10e41621]" started-at="2025-01-03T00:47:11 IST" name="LaunchApplication" finished-at="2025-01-03T00:47:12 IST" duration-ms="1554" status="PASS">
          <reporter-output>
          </reporter-output>
        </test-method> <!-- LaunchApplication -->
        <test-method signature="SubmitOrder(java.util.HashMap)[pri:0, instance:Piyush.Tests.SubmitOrderTest@10e41621]" started-at="2025-01-03T00:47:12 IST" name="SubmitOrder" data-provider="getData" finished-at="2025-01-03T00:47:18 IST" duration-ms="6206" status="PASS">
          <params>
            <param index="0">
              <value>
                <![CDATA[{IntialAlphabets=ind, Email=Piyush@yopmail.com, Productname=IPHONE 13 PRO, Password=Piyush798@}]]>
              </value>
            </param>
          </params>
          <reporter-output>
          </reporter-output>
        </test-method> <!-- SubmitOrder -->
        <test-method is-config="true" signature="TearDown()[pri:0, instance:Piyush.Tests.SubmitOrderTest@10e41621]" started-at="2025-01-03T00:47:18 IST" name="TearDown" finished-at="2025-01-03T00:47:19 IST" duration-ms="108" status="PASS">
          <reporter-output>
          </reporter-output>
        </test-method> <!-- TearDown -->
        <test-method is-config="true" signature="LaunchApplication()[pri:0, instance:Piyush.Tests.SubmitOrderTest@10e41621]" started-at="2025-01-03T00:47:19 IST" name="LaunchApplication" finished-at="2025-01-03T00:47:20 IST" duration-ms="1533" status="PASS">
          <reporter-output>
          </reporter-output>
        </test-method> <!-- LaunchApplication -->
        <test-method signature="OrderHistoryVerification(java.util.HashMap)[pri:0, instance:Piyush.Tests.SubmitOrderTest@10e41621]" started-at="2025-01-03T00:47:20 IST" name="OrderHistoryVerification" data-provider="getData" finished-at="2025-01-03T00:47:21 IST" depends-on-methods="Piyush.Tests.SubmitOrderTest.SubmitOrder" duration-ms="422" status="PASS">
          <params>
            <param index="0">
              <value>
                <![CDATA[{IntialAlphabets=ind, Email=Mansi@yopmail.com, Productname=QWERTY, Password=Piyush798@}]]>
              </value>
            </param>
          </params>
          <reporter-output>
          </reporter-output>
        </test-method> <!-- OrderHistoryVerification -->
        <test-method is-config="true" signature="TearDown()[pri:0, instance:Piyush.Tests.SubmitOrderTest@10e41621]" started-at="2025-01-03T00:47:21 IST" name="TearDown" finished-at="2025-01-03T00:47:21 IST" duration-ms="106" status="PASS">
          <reporter-output>
          </reporter-output>
        </test-method> <!-- TearDown -->
        <test-method is-config="true" signature="LaunchApplication()[pri:0, instance:Piyush.Tests.SubmitOrderTest@10e41621]" started-at="2025-01-03T00:47:21 IST" name="LaunchApplication" finished-at="2025-01-03T00:47:22 IST" duration-ms="1578" status="PASS">
          <reporter-output>
          </reporter-output>
        </test-method> <!-- LaunchApplication -->
        <test-method signature="OrderHistoryVerification(java.util.HashMap)[pri:0, instance:Piyush.Tests.SubmitOrderTest@10e41621]" started-at="2025-01-03T00:47:22 IST" name="OrderHistoryVerification" data-provider="getData" finished-at="2025-01-03T00:47:23 IST" depends-on-methods="Piyush.Tests.SubmitOrderTest.SubmitOrder" duration-ms="414" status="PASS">
          <params>
            <param index="0">
              <value>
                <![CDATA[{IntialAlphabets=ind, Email=Piyush@yopmail.com, Productname=IPHONE 13 PRO, Password=Piyush798@}]]>
              </value>
            </param>
          </params>
          <reporter-output>
          </reporter-output>
        </test-method> <!-- OrderHistoryVerification -->
        <test-method is-config="true" signature="TearDown()[pri:0, instance:Piyush.Tests.SubmitOrderTest@10e41621]" started-at="2025-01-03T00:47:23 IST" name="TearDown" finished-at="2025-01-03T00:47:23 IST" duration-ms="110" status="PASS">
          <reporter-output>
          </reporter-output>
        </test-method> <!-- TearDown -->
      </class> <!-- Piyush.Tests.SubmitOrderTest -->
      <class name="Piyush.Tests.LoginErrorValidationTest">
        <test-method is-config="true" signature="LaunchApplication()[pri:0, instance:Piyush.Tests.LoginErrorValidationTest@28eaa59a]" started-at="2025-01-03T00:47:23 IST" name="LaunchApplication" finished-at="2025-01-03T00:47:24 IST" duration-ms="1497" status="PASS">
          <reporter-output>
          </reporter-output>
        </test-method> <!-- LaunchApplication -->
        <test-method signature="Errors()[pri:0, instance:Piyush.Tests.LoginErrorValidationTest@28eaa59a]" started-at="2025-01-03T00:47:24 IST" name="Errors" finished-at="2025-01-03T00:47:25 IST" duration-ms="725" status="PASS">
          <reporter-output>
          </reporter-output>
        </test-method> <!-- Errors -->
        <test-method is-config="true" signature="TearDown()[pri:0, instance:Piyush.Tests.LoginErrorValidationTest@28eaa59a]" started-at="2025-01-03T00:47:25 IST" name="TearDown" finished-at="2025-01-03T00:47:25 IST" duration-ms="105" status="PASS">
          <reporter-output>
          </reporter-output>
        </test-method> <!-- TearDown -->
        <test-method is-config="true" signature="LaunchApplication()[pri:0, instance:Piyush.Tests.LoginErrorValidationTest@28eaa59a]" started-at="2025-01-03T00:47:25 IST" name="LaunchApplication" finished-at="2025-01-03T00:47:27 IST" duration-ms="1565" status="PASS">
          <reporter-output>
          </reporter-output>
        </test-method> <!-- LaunchApplication -->
        <test-method signature="SubmitOrderErrorValidation(java.util.HashMap)[pri:0, instance:Piyush.Tests.LoginErrorValidationTest@28eaa59a]" started-at="2025-01-03T00:47:27 IST" name="SubmitOrderErrorValidation" data-provider="GetdataforErrorCheck" finished-at="2025-01-03T00:47:33 IST" duration-ms="6196" status="PASS">
          <params>
            <param index="0">
              <value>
                <![CDATA[{IntialAlphabets=ind, Email=Mansi@yopmail.com, Productname=QWERTY, Password=Piyush798@}]]>
              </value>
            </param>
          </params>
          <reporter-output>
          </reporter-output>
        </test-method> <!-- SubmitOrderErrorValidation -->
        <test-method is-config="true" signature="TearDown()[pri:0, instance:Piyush.Tests.LoginErrorValidationTest@28eaa59a]" started-at="2025-01-03T00:47:33 IST" name="TearDown" finished-at="2025-01-03T00:47:33 IST" duration-ms="105" status="PASS">
          <reporter-output>
          </reporter-output>
        </test-method> <!-- TearDown -->
        <test-method is-config="true" signature="LaunchApplication()[pri:0, instance:Piyush.Tests.LoginErrorValidationTest@28eaa59a]" started-at="2025-01-03T00:47:33 IST" name="LaunchApplication" finished-at="2025-01-03T00:47:34 IST" duration-ms="1504" status="PASS">
          <reporter-output>
          </reporter-output>
        </test-method> <!-- LaunchApplication -->
        <test-method signature="SubmitOrderErrorValidation(java.util.HashMap)[pri:0, instance:Piyush.Tests.LoginErrorValidationTest@28eaa59a]" started-at="2025-01-03T00:47:34 IST" name="SubmitOrderErrorValidation" data-provider="GetdataforErrorCheck" finished-at="2025-01-03T00:47:41 IST" duration-ms="6140" status="PASS">
          <params>
            <param index="0">
              <value>
                <![CDATA[{IntialAlphabets=ind, Email=Piyush@yopmail.com, Productname=IPHONE 13 PRO, Password=Piyush798@}]]>
              </value>
            </param>
          </params>
          <reporter-output>
          </reporter-output>
        </test-method> <!-- SubmitOrderErrorValidation -->
        <test-method is-config="true" signature="TearDown()[pri:0, instance:Piyush.Tests.LoginErrorValidationTest@28eaa59a]" started-at="2025-01-03T00:47:41 IST" name="TearDown" finished-at="2025-01-03T00:47:41 IST" duration-ms="104" status="PASS">
          <reporter-output>
          </reporter-output>
        </test-method> <!-- TearDown -->
        <test-method is-config="true" signature="LaunchApplication()[pri:0, instance:Piyush.Tests.LoginErrorValidationTest@28eaa59a]" started-at="2025-01-03T00:47:41 IST" name="LaunchApplication" finished-at="2025-01-03T00:47:42 IST" duration-ms="1564" status="PASS">
          <reporter-output>
          </reporter-output>
        </test-method> <!-- LaunchApplication -->
        <test-method signature="SubmitOrderErrorValidation(java.util.HashMap)[pri:0, instance:Piyush.Tests.LoginErrorValidationTest@28eaa59a]" started-at="2025-01-03T00:47:42 IST" name="SubmitOrderErrorValidation" data-provider="GetdataforErrorCheck" finished-at="2025-01-03T00:47:48 IST" duration-ms="6131" status="PASS">
          <params>
            <param index="0">
              <value>
                <![CDATA[{IntialAlphabets=ind, Email=Shubham@yopmail.com, Productname=ADIDAS ORIGINAL, Password=Piyush798@}]]>
              </value>
            </param>
          </params>
          <reporter-output>
          </reporter-output>
        </test-method> <!-- SubmitOrderErrorValidation -->
        <test-method is-config="true" signature="TearDown()[pri:0, instance:Piyush.Tests.LoginErrorValidationTest@28eaa59a]" started-at="2025-01-03T00:47:48 IST" name="TearDown" finished-at="2025-01-03T00:47:48 IST" duration-ms="66" status="PASS">
          <reporter-output>
          </reporter-output>
        </test-method> <!-- TearDown -->
      </class> <!-- Piyush.Tests.LoginErrorValidationTest -->
    </test> <!-- Surefire test -->
  </suite> <!-- Surefire suite -->
</testng-results>
