<?xml version="1.0" encoding="UTF-8"?>
<testsuite xmlns:xsi="http://www.w3.org/2001/XMLSchema-instance" xsi:noNamespaceSchemaLocation="https://maven.apache.org/surefire/maven-surefire-plugin/xsd/surefire-test-report-3.0.xsd" version="3.0" name="TestSuite" time="49.52" tests="9" errors="0" skipped="0" failures="1">
  <properties>
[...]
</properties>
  <testcase name="SubmitOrder[{IntialAlphabets=ind, Email=Mansi@yopmail.com, Productname=QWERTY, Password=Piyush798@}](1)" classname="Piyush.Tests.SubmitOrderTest" time="6.215">
    <system-err><![CDATA[SLF4J: Failed to load class "org.slf4j.impl.StaticLoggerBinder".
SLF4J: Defaulting to no-operation (NOP) logger implementation
SLF4J: See http://www.slf4j.org/codes.html#StaticLoggerBinder for further details.
]]></system-err>
  </testcase>
  <testcase name="SubmitOrder[{IntialAlphabets=ind, Email=Piyush@yopmail.com, Productname=IPHONE 13 PRO, Password=Piyush798@}](2)" classname="Piyush.Tests.SubmitOrderTest" time="6.206"/>
  <testcase name="OrderHistoryVerification[{IntialAlphabets=ind, Email=Mansi@yopmail.com, Productname=QWERTY, Password=Piyush798@}](1)" classname="Piyush.Tests.SubmitOrderTest" time="0.422"/>
  <testcase name="OrderHistoryVerification[{IntialAlphabets=ind, Email=Piyush@yopmail.com, Productname=IPHONE 13 PRO, Password=Piyush798@}](2)" classname="Piyush.Tests.SubmitOrderTest" time="0.415"/>
  <testcase name="Errors" classname="Piyush.Tests.LoginErrorValidationTest" time="0.726"/>
  <testcase name="SubmitOrderErrorValidation[{IntialAlphabets=ind, Email=Mansi@yopmail.com, Productname=QWERTY, Password=Piyush798@}](1)" classname="Piyush.Tests.LoginErrorValidationTest" time="6.195"/>
  <testcase name="SubmitOrderErrorValidation[{IntialAlphabets=ind, Email=Piyush@yopmail.com, Productname=IPHONE 13 PRO, Password=Piyush798@}](2)" classname="Piyush.Tests.LoginErrorValidationTest" time="6.141"/>
  <testcase name="SubmitOrderErrorValidation[{IntialAlphabets=ind, Email=Shubham@yopmail.com, Productname=ADIDAS ORIGINAL, Password=Piyush798@}](3)" classname="Piyush.Tests.LoginErrorValidationTest" time="6.131"/>
  <testcase name="runScenario[&quot;Positive scenario of submitting the order&quot;, &quot;Purchase the order from the Ecommerce Website&quot;](1)" classname="Cucumber.TestngTestRunner" time="1.951">
    <failure message="Cannot invoke &quot;org.openqa.selenium.WebElement.findElement(org.openqa.selenium.By)&quot; because the return value of &quot;PiyushRaj.pageobjects.ProductCatalogue.GetProductByName(String)&quot; is null" type="java.lang.NullPointerException"><![CDATA[java.lang.NullPointerException: Cannot invoke "org.openqa.selenium.WebElement.findElement(org.openqa.selenium.By)" because the return value of "PiyushRaj.pageobjects.ProductCatalogue.GetProductByName(String)" is null
	at PiyushRaj.pageobjects.ProductCatalogue.AddProductToCart(ProductCatalogue.java:36)
	at Piyush.StepDefinitions.StepDefinitionImplementation.addToCart(StepDefinitionImplementation.java:38)
	at ✽.add <productName> to the cart(file:///Users/ahlawat/Downloads/EndToEndTesting/src/test/java/Cucumber/PurchaseOrder.feature:11)
]]></failure>
  </testcase>
</testsuite>