<?xml version="1.0" encoding="UTF-8"?>
<!-- Generated by org.testng.reporters.JUnitReportReporter -->
<testsuite hostname="Piyushs-MacBook-Air.local" failures="0" tests="4" name="Piyush.Tests.LoginErrorValidationTest" time="25.702" errors="0" timestamp="2025-01-03T00:47:51 IST" skipped="0">
  <testcase classname="Piyush.Tests.LoginErrorValidationTest" name="Errors" time="2.395"/>
  <testcase classname="Piyush.Tests.LoginErrorValidationTest" name="SubmitOrderErrorValidation" time="7.797"/>
  <testcase classname="Piyush.Tests.LoginErrorValidationTest" name="SubmitOrderErrorValidation" time="7.710"/>
  <testcase classname="Piyush.Tests.LoginErrorValidationTest" name="SubmitOrderErrorValidation" time="7.800"/>
</testsuite> <!-- Piyush.Tests.LoginErrorValidationTest -->
