<?xml version="1.0" encoding="UTF-8"?>
<!-- Generated by org.testng.reporters.JUnitReportReporter -->
<testsuite hostname="Piyushs-MacBook-Air.local" failures="0" tests="1" name="Cucumber.TestngTestRunner" time="1.949" errors="1" timestamp="2025-01-03T00:47:51 IST" skipped="0">
  <testcase classname="Cucumber.TestngTestRunner" name="runScenario" time="1.949">
    <error message="Cannot invoke &quot;org.openqa.selenium.WebElement.findElement(org.openqa.selenium.By)&quot; because the return value of &quot;PiyushRaj.pageobjects.ProductCatalogue.GetProductByName(String)&quot; is null" type="java.lang.NullPointerException">
      <![CDATA[java.lang.NullPointerException: Cannot invoke "org.openqa.selenium.WebElement.findElement(org.openqa.selenium.By)" because the return value of "PiyushRaj.pageobjects.ProductCatalogue.GetProductByName(String)" is null
at PiyushRaj.pageobjects.ProductCatalogue.AddProductToCart(ProductCatalogue.java:36)
at Piyush.StepDefinitions.StepDefinitionImplementation.addToCart(StepDefinitionImplementation.java:38)
at ✽.add <productName> to the cart(file:///Users/ahlawat/Downloads/EndToEndTesting/src/test/java/Cucumber/PurchaseOrder.feature:11)
]]>
    </error>
  </testcase> <!-- runScenario -->
</testsuite> <!-- Cucumber.TestngTestRunner -->
