<?xml version="1.0" encoding="UTF-8"?>
<!-- Generated by org.testng.reporters.JUnitReportReporter -->
<testsuite hostname="Piyushs-MacBook-Air.local" failures="0" tests="4" name="Piyush.Tests.SubmitOrderTest" time="21.370" errors="0" timestamp="2025-01-03T00:47:51 IST" skipped="0">
  <testcase classname="Piyush.Tests.SubmitOrderTest" name="SubmitOrder" time="7.868"/>
  <testcase classname="Piyush.Tests.SubmitOrderTest" name="OrderHistoryVerification" time="2.110"/>
  <testcase classname="Piyush.Tests.SubmitOrderTest" name="OrderHistoryVerification" time="3.537"/>
  <testcase classname="Piyush.Tests.SubmitOrderTest" name="SubmitOrder" time="7.855"/>
</testsuite> <!-- Piyush.Tests.SubmitOrderTest -->
